# JRE version: OpenJDK Runtime Environment (11.0.7+10) (build 11.0.7+10-b765.53)
# Java VM: OpenJDK 64-Bit Server VM (11.0.7+10-b765.53, mixed mode, tiered, compressed oops, g1 gc, windows-amd64)
Heap:
 garbage-first heap   total 310272K, used 30701K [0x0000000705200000, 0x0000000800000000)
  region size 1024K, 23 young (23552K), 19 survivors (19456K)
 Metaspace       used 51576K, capacity 52870K, committed 52944K, reserved 1095680K
  class space    used 6435K, capacity 6921K, committed 6988K, reserved 1048576K
GC Heap History (14 events):
Event: 0.746 GC heap before
{Heap before GC invocations=0 (full 0):
 garbage-first heap   total 258048K, used 14336K [0x0000000705200000, 0x0000000800000000)
  region size 1024K, 14 young (14336K), 0 survivors (0K)
 Metaspace       used 12302K, capacity 12604K, committed 12800K, reserved 1060864K
  class space    used 1311K, capacity 1436K, committed 1536K, reserved 1048576K
}
Event: 0.750 GC heap after
{Heap after GC invocations=1 (full 0):
 garbage-first heap   total 258048K, used 5368K [0x0000000705200000, 0x0000000800000000)
  region size 1024K, 2 young (2048K), 2 survivors (2048K)
 Metaspace       used 12302K, capacity 12604K, committed 12800K, reserved 1060864K
  class space    used 1311K, capacity 1436K, committed 1536K, reserved 1048576K
}
Event: 0.955 GC heap before
{Heap before GC invocations=1 (full 0):
 garbage-first heap   total 258048K, used 19704K [0x0000000705200000, 0x0000000800000000)
  region size 1024K, 16 young (16384K), 2 survivors (2048K)
 Metaspace       used 16723K, capacity 17141K, committed 17408K, reserved 1064960K
  class space    used 1819K, capacity 1974K, committed 2048K, reserved 1048576K
}
Event: 0.958 GC heap after
{Heap after GC invocations=2 (full 0):
 garbage-first heap   total 258048K, used 7088K [0x0000000705200000, 0x0000000800000000)
  region size 1024K, 2 young (2048K), 2 survivors (2048K)
 Metaspace       used 16723K, capacity 17141K, committed 17408K, reserved 1064960K
  class space    used 1819K, capacity 1974K, committed 2048K, reserved 1048576K
}
Event: 1.086 GC heap before
{Heap before GC invocations=2 (full 0):
 garbage-first heap   total 258048K, used 25520K [0x0000000705200000, 0x0000000800000000)
  region size 1024K, 21 young (21504K), 2 survivors (2048K)
 Metaspace       used 20625K, capacity 21186K, committed 21296K, reserved 1069056K
  class space    used 2435K, capacity 2671K, committed 2688K, reserved 1048576K
}
Event: 1.089 GC heap after
{Heap after GC invocations=3 (full 0):
 garbage-first heap   total 258048K, used 8410K [0x0000000705200000, 0x0000000800000000)
  region size 1024K, 3 young (3072K), 3 survivors (3072K)
 Metaspace       used 20625K, capacity 21186K, committed 21296K, reserved 1069056K
  class space    used 2435K, capacity 2671K, committed 2688K, reserved 1048576K
}
Event: 1.331 GC heap before
{Heap before GC invocations=4 (full 0):
 garbage-first heap   total 258048K, used 38106K [0x0000000705200000, 0x0000000800000000)
  region size 1024K, 32 young (32768K), 3 survivors (3072K)
 Metaspace       used 26297K, capacity 26979K, committed 27260K, reserved 1073152K
  class space    used 3187K, capacity 3460K, committed 3532K, reserved 1048576K
}
Event: 1.334 GC heap after
{Heap after GC invocations=5 (full 0):
 garbage-first heap   total 258048K, used 9932K [0x0000000705200000, 0x0000000800000000)
  region size 1024K, 3 young (3072K), 3 survivors (3072K)
 Metaspace       used 26297K, capacity 26979K, committed 27260K, reserved 1073152K
  class space    used 3187K, capacity 3460K, committed 3532K, reserved 1048576K
}
Event: 1.771 GC heap before
{Heap before GC invocations=5 (full 0):
 garbage-first heap   total 258048K, used 59084K [0x0000000705200000, 0x0000000800000000)
  region size 1024K, 51 young (52224K), 3 survivors (3072K)
 Metaspace       used 28344K, capacity 29149K, committed 29436K, reserved 1075200K
  class space    used 3506K, capacity 3808K, committed 3916K, reserved 1048576K
}
Event: 1.775 GC heap after
{Heap after GC invocations=6 (full 0):
 garbage-first heap   total 258048K, used 12842K [0x0000000705200000, 0x0000000800000000)
  region size 1024K, 6 young (6144K), 6 survivors (6144K)
 Metaspace       used 28344K, capacity 29149K, committed 29436K, reserved 1075200K
  class space    used 3506K, capacity 3808K, committed 3916K, reserved 1048576K
}
Event: 2.366 GC heap before
{Heap before GC invocations=6 (full 0):
 garbage-first heap   total 258048K, used 85546K [0x0000000705200000, 0x0000000800000000)
  region size 1024K, 78 young (79872K), 6 survivors (6144K)
 Metaspace       used 34841K, capacity 35868K, committed 36048K, reserved 1081344K
  class space    used 4430K, capacity 4843K, committed 4940K, reserved 1048576K
}
Event: 2.375 GC heap after
{Heap after GC invocations=7 (full 0):
 garbage-first heap   total 310272K, used 16849K [0x0000000705200000, 0x0000000800000000)
  region size 1024K, 9 young (9216K), 9 survivors (9216K)
 Metaspace       used 34841K, capacity 35868K, committed 36048K, reserved 1081344K
  class space    used 4430K, capacity 4843K, committed 4940K, reserved 1048576K
}
Event: 79.889 GC heap before
{Heap before GC invocations=8 (full 0):
 garbage-first heap   total 310272K, used 192977K [0x0000000705200000, 0x0000000800000000)
  region size 1024K, 181 young (185344K), 9 survivors (9216K)
 Metaspace       used 51349K, capacity 52553K, committed 52688K, reserved 1095680K
  class space    used 6411K, capacity 6881K, committed 6988K, reserved 1048576K
}
Event: 79.903 GC heap after
{Heap after GC invocations=9 (full 0):
 garbage-first heap   total 310272K, used 27629K [0x0000000705200000, 0x0000000800000000)
  region size 1024K, 19 young (19456K), 19 survivors (19456K)
 Metaspace       used 51349K, capacity 52553K, committed 52688K, reserved 1095680K
  class space    used 6411K, capacity 6881K, committed 6988K, reserved 1048576K
}

