# JRE version: OpenJDK Runtime Environment (11.0.7+10) (build 11.0.7+10-b765.53)
# Java VM: OpenJDK 64-Bit Server VM (11.0.7+10-b765.53, mixed mode, tiered, compressed oops, g1 gc, windows-amd64)
Heap:
 garbage-first heap   total 310272K, used 188563K [0x0000000705200000, 0x0000000800000000)
  region size 1024K, 179 young (183296K), 10 survivors (10240K)
 Metaspace       used 51081K, capacity 52361K, committed 52688K, reserved 1095680K
  class space    used 6381K, capacity 6882K, committed 6988K, reserved 1048576K
GC Heap History (12 events):
Event: 0.895 GC heap before
{Heap before GC invocations=0 (full 0):
 garbage-first heap   total 258048K, used 14336K [0x0000000705200000, 0x0000000800000000)
  region size 1024K, 14 young (14336K), 0 survivors (0K)
 Metaspace       used 12282K, capacity 12540K, committed 12800K, reserved 1060864K
  class space    used 1311K, capacity 1436K, committed 1536K, reserved 1048576K
}
Event: 0.900 GC heap after
{Heap after GC invocations=1 (full 0):
 garbage-first heap   total 258048K, used 5288K [0x0000000705200000, 0x0000000800000000)
  region size 1024K, 2 young (2048K), 2 survivors (2048K)
 Metaspace       used 12282K, capacity 12540K, committed 12800K, reserved 1060864K
  class space    used 1311K, capacity 1436K, committed 1536K, reserved 1048576K
}
Event: 1.088 GC heap before
{Heap before GC invocations=1 (full 0):
 garbage-first heap   total 258048K, used 15528K [0x0000000705200000, 0x0000000800000000)
  region size 1024K, 12 young (12288K), 2 survivors (2048K)
 Metaspace       used 15331K, capacity 15693K, committed 15872K, reserved 1062912K
  class space    used 1664K, capacity 1787K, committed 1792K, reserved 1048576K
}
Event: 1.092 GC heap after
{Heap after GC invocations=2 (full 0):
 garbage-first heap   total 258048K, used 6899K [0x0000000705200000, 0x0000000800000000)
  region size 1024K, 2 young (2048K), 2 survivors (2048K)
 Metaspace       used 15331K, capacity 15693K, committed 15872K, reserved 1062912K
  class space    used 1664K, capacity 1787K, committed 1792K, reserved 1048576K
}
Event: 1.276 GC heap before
{Heap before GC invocations=2 (full 0):
 garbage-first heap   total 258048K, used 28403K [0x0000000705200000, 0x0000000800000000)
  region size 1024K, 25 young (25600K), 2 survivors (2048K)
 Metaspace       used 20675K, capacity 21186K, committed 21296K, reserved 1069056K
  class space    used 2448K, capacity 2671K, committed 2688K, reserved 1048576K
}
Event: 1.280 GC heap after
{Heap after GC invocations=3 (full 0):
 garbage-first heap   total 258048K, used 8307K [0x0000000705200000, 0x0000000800000000)
  region size 1024K, 3 young (3072K), 3 survivors (3072K)
 Metaspace       used 20675K, capacity 21186K, committed 21296K, reserved 1069056K
  class space    used 2448K, capacity 2671K, committed 2688K, reserved 1048576K
}
Event: 1.624 GC heap before
{Heap before GC invocations=4 (full 0):
 garbage-first heap   total 258048K, used 45171K [0x0000000705200000, 0x0000000800000000)
  region size 1024K, 39 young (39936K), 3 survivors (3072K)
 Metaspace       used 26888K, capacity 27591K, committed 27900K, reserved 1073152K
  class space    used 3258K, capacity 3532K, committed 3660K, reserved 1048576K
}
Event: 1.628 GC heap after
{Heap after GC invocations=5 (full 0):
 garbage-first heap   total 258048K, used 10315K [0x0000000705200000, 0x0000000800000000)
  region size 1024K, 4 young (4096K), 4 survivors (4096K)
 Metaspace       used 26888K, capacity 27591K, committed 27900K, reserved 1073152K
  class space    used 3258K, capacity 3532K, committed 3660K, reserved 1048576K
}
Event: 2.019 GC heap before
{Heap before GC invocations=5 (full 0):
 garbage-first heap   total 258048K, used 65611K [0x0000000705200000, 0x0000000800000000)
  region size 1024K, 58 young (59392K), 4 survivors (4096K)
 Metaspace       used 29189K, capacity 30040K, committed 30332K, reserved 1075200K
  class space    used 3609K, capacity 3911K, committed 4044K, reserved 1048576K
}
Event: 2.026 GC heap after
{Heap after GC invocations=6 (full 0):
 garbage-first heap   total 310272K, used 13367K [0x0000000705200000, 0x0000000800000000)
  region size 1024K, 7 young (7168K), 7 survivors (7168K)
 Metaspace       used 29189K, capacity 30040K, committed 30332K, reserved 1075200K
  class space    used 3609K, capacity 3911K, committed 4044K, reserved 1048576K
}
Event: 2.541 GC heap before
{Heap before GC invocations=6 (full 0):
 garbage-first heap   total 310272K, used 72759K [0x0000000705200000, 0x0000000800000000)
  region size 1024K, 66 young (67584K), 7 survivors (7168K)
 Metaspace       used 34885K, capacity 35900K, committed 36048K, reserved 1081344K
  class space    used 4440K, capacity 4875K, committed 4940K, reserved 1048576K
}
Event: 2.547 GC heap after
{Heap after GC invocations=7 (full 0):
 garbage-first heap   total 310272K, used 16531K [0x0000000705200000, 0x0000000800000000)
  region size 1024K, 10 young (10240K), 10 survivors (10240K)
 Metaspace       used 34885K, capacity 35900K, committed 36048K, reserved 1081344K
  class space    used 4440K, capacity 4875K, committed 4940K, reserved 1048576K
}

